# JRE version: Java(TM) SE Runtime Environment (15.0.2+7) (build 15.0.2+7-27)
# Java VM: Java HotSpot(TM) 64-Bit Server VM (15.0.2+7-27, mixed mode, sharing, tiered, compressed oops, g1 gc, windows-amd64)
GC Precious Log:
 CPUs: 2 total, 2 available
 Memory: 4043M
 Large Page Support: Disabled
 NUMA Support: Disabled
 Compressed Oops: Enabled (32-bit)
 Heap Region Size: 1M
 Heap Min Capacity: 8M
 Heap Initial Capacity: 64M
 Heap Max Capacity: 1012M
 Pre-touch: Disabled
 Parallel Workers: 2
 Concurrent Workers: 1
 Concurrent Refinement Workers: 2
 Periodic GC: Disabled
Heap:
 garbage-first heap   total 60416K, used 32257K [0x00000000c0c00000, 0x0000000100000000)
  region size 1024K, 3 young (3072K), 2 survivors (2048K)
 Metaspace       used 61968K, capacity 62539K, committed 63024K, reserved 1103872K
  class space    used 7994K, capacity 8186K, committed 8320K, reserved 1048576K
GC Heap History (20 events):
Event: 32.714 GC heap before
{Heap before GC invocations=22 (full 0):
 garbage-first heap   total 45056K, used 35226K [0x00000000c0c00000, 0x0000000100000000)
  region size 1024K, 13 young (13312K), 2 survivors (2048K)
 Metaspace       used 50652K, capacity 51065K, committed 51248K, reserved 1093632K
  class space    used 6594K, capacity 6708K, committed 6784K, reserved 1048576K
}
Event: 32.720 GC heap after
{Heap after GC invocations=23 (full 0):
 garbage-first heap   total 45056K, used 24596K [0x00000000c0c00000, 0x0000000100000000)
  region size 1024K, 2 young (2048K), 2 survivors (2048K)
 Metaspace       used 50652K, capacity 51065K, committed 51248K, reserved 1093632K
  class space    used 6594K, capacity 6708K, committed 6784K, reserved 1048576K
}
Event: 33.174 GC heap before
{Heap before GC invocations=24 (full 0):
 garbage-first heap   total 50176K, used 35860K [0x00000000c0c00000, 0x0000000100000000)
  region size 1024K, 13 young (13312K), 2 survivors (2048K)
 Metaspace       used 51763K, capacity 52238K, committed 52400K, reserved 1095680K
  class space    used 6746K, capacity 6906K, committed 6912K, reserved 1048576K
}
Event: 33.181 GC heap after
{Heap after GC invocations=25 (full 0):
 garbage-first heap   total 50176K, used 25109K [0x00000000c0c00000, 0x0000000100000000)
  region size 1024K, 2 young (2048K), 2 survivors (2048K)
 Metaspace       used 51763K, capacity 52238K, committed 52400K, reserved 1095680K
  class space    used 6746K, capacity 6906K, committed 6912K, reserved 1048576K
}
Event: 33.687 GC heap before
{Heap before GC invocations=25 (full 0):
 garbage-first heap   total 50176K, used 40469K [0x00000000c0c00000, 0x0000000100000000)
  region size 1024K, 17 young (17408K), 2 survivors (2048K)
 Metaspace       used 52731K, capacity 53258K, committed 53424K, reserved 1095680K
  class space    used 6899K, capacity 7048K, committed 7168K, reserved 1048576K
}
Event: 33.697 GC heap after
{Heap after GC invocations=26 (full 0):
 garbage-first heap   total 50176K, used 26848K [0x00000000c0c00000, 0x0000000100000000)
  region size 1024K, 3 young (3072K), 3 survivors (3072K)
 Metaspace       used 52731K, capacity 53258K, committed 53424K, reserved 1095680K
  class space    used 6899K, capacity 7048K, committed 7168K, reserved 1048576K
}
Event: 34.770 GC heap before
{Heap before GC invocations=27 (full 0):
 garbage-first heap   total 50176K, used 40160K [0x00000000c0c00000, 0x0000000100000000)
  region size 1024K, 16 young (16384K), 3 survivors (3072K)
 Metaspace       used 53214K, capacity 53726K, committed 53936K, reserved 1095680K
  class space    used 6959K, capacity 7117K, committed 7168K, reserved 1048576K
}
Event: 34.782 GC heap after
{Heap after GC invocations=28 (full 0):
 garbage-first heap   total 50176K, used 28591K [0x00000000c0c00000, 0x0000000100000000)
  region size 1024K, 2 young (2048K), 2 survivors (2048K)
 Metaspace       used 53214K, capacity 53726K, committed 53936K, reserved 1095680K
  class space    used 6959K, capacity 7117K, committed 7168K, reserved 1048576K
}
Event: 35.280 GC heap before
{Heap before GC invocations=28 (full 0):
 garbage-first heap   total 50176K, used 39855K [0x00000000c0c00000, 0x0000000100000000)
  region size 1024K, 13 young (13312K), 2 survivors (2048K)
 Metaspace       used 54444K, capacity 54977K, committed 55088K, reserved 1097728K
  class space    used 7135K, capacity 7278K, committed 7296K, reserved 1048576K
}
Event: 35.288 GC heap after
{Heap after GC invocations=29 (full 0):
 garbage-first heap   total 50176K, used 29868K [0x00000000c0c00000, 0x0000000100000000)
  region size 1024K, 2 young (2048K), 2 survivors (2048K)
 Metaspace       used 54444K, capacity 54977K, committed 55088K, reserved 1097728K
  class space    used 7135K, capacity 7278K, committed 7296K, reserved 1048576K
}
Event: 36.543 GC heap before
{Heap before GC invocations=30 (full 0):
 garbage-first heap   total 60416K, used 39084K [0x00000000c0c00000, 0x0000000100000000)
  region size 1024K, 11 young (11264K), 2 survivors (2048K)
 Metaspace       used 54852K, capacity 55340K, committed 55472K, reserved 1097728K
  class space    used 7192K, capacity 7351K, committed 7424K, reserved 1048576K
}
Event: 36.553 GC heap after
{Heap after GC invocations=31 (full 0):
 garbage-first heap   total 60416K, used 31314K [0x00000000c0c00000, 0x0000000100000000)
  region size 1024K, 2 young (2048K), 2 survivors (2048K)
 Metaspace       used 54852K, capacity 55340K, committed 55472K, reserved 1097728K
  class space    used 7192K, capacity 7351K, committed 7424K, reserved 1048576K
}
Event: 904.784 GC heap before
{Heap before GC invocations=31 (full 0):
 garbage-first heap   total 60416K, used 47698K [0x00000000c0c00000, 0x0000000100000000)
  region size 1024K, 18 young (18432K), 2 survivors (2048K)
 Metaspace       used 56917K, capacity 57436K, committed 57776K, reserved 1099776K
  class space    used 7409K, capacity 7557K, committed 7680K, reserved 1048576K
}
Event: 904.796 GC heap after
{Heap after GC invocations=32 (full 0):
 garbage-first heap   total 60416K, used 32570K [0x00000000c0c00000, 0x0000000100000000)
  region size 1024K, 3 young (3072K), 3 survivors (3072K)
 Metaspace       used 56917K, capacity 57436K, committed 57776K, reserved 1099776K
  class space    used 7409K, capacity 7557K, committed 7680K, reserved 1048576K
}
Event: 910.952 GC heap before
{Heap before GC invocations=33 (full 0):
 garbage-first heap   total 60416K, used 47930K [0x00000000c0c00000, 0x0000000100000000)
  region size 1024K, 18 young (18432K), 3 survivors (3072K)
 Metaspace       used 60641K, capacity 61232K, committed 61360K, reserved 1101824K
  class space    used 7870K, capacity 8090K, committed 8192K, reserved 1048576K
}
Event: 910.962 GC heap after
{Heap after GC invocations=34 (full 0):
 garbage-first heap   total 60416K, used 33205K [0x00000000c0c00000, 0x0000000100000000)
  region size 1024K, 2 young (2048K), 2 survivors (2048K)
 Metaspace       used 60641K, capacity 61232K, committed 61360K, reserved 1101824K
  class space    used 7870K, capacity 8090K, committed 8192K, reserved 1048576K
}
Event: 911.579 GC heap before
{Heap before GC invocations=34 (full 0):
 garbage-first heap   total 60416K, used 34229K [0x00000000c0c00000, 0x0000000100000000)
  region size 1024K, 3 young (3072K), 2 survivors (2048K)
 Metaspace       used 60843K, capacity 61456K, committed 61616K, reserved 1103872K
  class space    used 7901K, capacity 8122K, committed 8192K, reserved 1048576K
}
Event: 911.615 GC heap after
{Heap after GC invocations=35 (full 0):
 garbage-first heap   total 60416K, used 30855K [0x00000000c0c00000, 0x0000000100000000)
  region size 1024K, 1 young (1024K), 1 survivors (1024K)
 Metaspace       used 60843K, capacity 61456K, committed 61616K, reserved 1103872K
  class space    used 7901K, capacity 8122K, committed 8192K, reserved 1048576K
}
Event: 10491.169 GC heap before
{Heap before GC invocations=35 (full 0):
 garbage-first heap   total 60416K, used 48263K [0x00000000c0c00000, 0x0000000100000000)
  region size 1024K, 18 young (18432K), 1 survivors (1024K)
 Metaspace       used 62096K, capacity 62733K, committed 63024K, reserved 1103872K
  class space    used 8019K, capacity 8235K, committed 8320K, reserved 1048576K
}
Event: 10492.001 GC heap after
{Heap after GC invocations=36 (full 0):
 garbage-first heap   total 60416K, used 32257K [0x00000000c0c00000, 0x0000000100000000)
  region size 1024K, 2 young (2048K), 2 survivors (2048K)
 Metaspace       used 62096K, capacity 62733K, committed 63024K, reserved 1103872K
  class space    used 8019K, capacity 8235K, committed 8320K, reserved 1048576K
}

