# JRE version: Java(TM) SE Runtime Environment (15.0.2+7) (build 15.0.2+7-27)
# Java VM: Java HotSpot(TM) 64-Bit Server VM (15.0.2+7-27, mixed mode, sharing, tiered, compressed oops, g1 gc, windows-amd64)
GC Precious Log:
 CPUs: 2 total, 2 available
 Memory: 4043M
 Large Page Support: Disabled
 NUMA Support: Disabled
 Compressed Oops: Enabled (32-bit)
 Heap Region Size: 1M
 Heap Min Capacity: 8M
 Heap Initial Capacity: 64M
 Heap Max Capacity: 1012M
 Pre-touch: Disabled
 Parallel Workers: 2
 Concurrent Workers: 1
 Concurrent Refinement Workers: 2
 Periodic GC: Disabled
Heap:
 garbage-first heap   total 58368K, used 28106K [0x00000000c0c00000, 0x0000000100000000)
  region size 1024K, 2 young (2048K), 1 survivors (1024K)
 Metaspace       used 61891K, capacity 62424K, committed 62768K, reserved 1103872K
  class space    used 7981K, capacity 8177K, committed 8320K, reserved 1048576K
GC Heap History (20 events):
Event: 8411.557 GC heap before
{Heap before GC invocations=43 (full 0):
 garbage-first heap   total 58368K, used 30391K [0x00000000c0c00000, 0x0000000100000000)
  region size 1024K, 2 young (2048K), 1 survivors (1024K)
 Metaspace       used 61708K, capacity 62310K, committed 62768K, reserved 1103872K
  class space    used 7984K, capacity 8183K, committed 8320K, reserved 1048576K
}
Event: 8415.961 GC heap after
{Heap after GC invocations=44 (full 0):
 garbage-first heap   total 58368K, used 28552K [0x00000000c0c00000, 0x0000000100000000)
  region size 1024K, 1 young (1024K), 1 survivors (1024K)
 Metaspace       used 61708K, capacity 62310K, committed 62768K, reserved 1103872K
  class space    used 7984K, capacity 8183K, committed 8320K, reserved 1048576K
}
Event: 8627.119 GC heap before
{Heap before GC invocations=44 (full 0):
 garbage-first heap   total 58368K, used 29576K [0x00000000c0c00000, 0x0000000100000000)
  region size 1024K, 2 young (2048K), 1 survivors (1024K)
 Metaspace       used 61740K, capacity 62310K, committed 62768K, reserved 1103872K
  class space    used 7984K, capacity 8183K, committed 8320K, reserved 1048576K
}
Event: 8630.069 GC heap after
{Heap after GC invocations=45 (full 0):
 garbage-first heap   total 58368K, used 27809K [0x00000000c0c00000, 0x0000000100000000)
  region size 1024K, 1 young (1024K), 1 survivors (1024K)
 Metaspace       used 61740K, capacity 62310K, committed 62768K, reserved 1103872K
  class space    used 7984K, capacity 8183K, committed 8320K, reserved 1048576K
}
Event: 8903.218 GC heap before
{Heap before GC invocations=45 (full 0):
 garbage-first heap   total 58368K, used 27809K [0x00000000c0c00000, 0x0000000100000000)
  region size 1024K, 2 young (2048K), 1 survivors (1024K)
 Metaspace       used 61771K, capacity 62374K, committed 62768K, reserved 1103872K
  class space    used 7984K, capacity 8183K, committed 8320K, reserved 1048576K
}
Event: 8903.581 GC heap after
{Heap after GC invocations=46 (full 0):
 garbage-first heap   total 58368K, used 27878K [0x00000000c0c00000, 0x0000000100000000)
  region size 1024K, 1 young (1024K), 1 survivors (1024K)
 Metaspace       used 61771K, capacity 62374K, committed 62768K, reserved 1103872K
  class space    used 7984K, capacity 8183K, committed 8320K, reserved 1048576K
}
Event: 9005.676 GC heap before
{Heap before GC invocations=47 (full 0):
 garbage-first heap   total 58368K, used 28902K [0x00000000c0c00000, 0x0000000100000000)
  region size 1024K, 2 young (2048K), 1 survivors (1024K)
 Metaspace       used 61746K, capacity 62326K, committed 62768K, reserved 1103872K
  class space    used 7977K, capacity 8170K, committed 8320K, reserved 1048576K
}
Event: 9005.679 GC heap after
{Heap after GC invocations=48 (full 0):
 garbage-first heap   total 58368K, used 28241K [0x00000000c0c00000, 0x0000000100000000)
  region size 1024K, 1 young (1024K), 1 survivors (1024K)
 Metaspace       used 61746K, capacity 62326K, committed 62768K, reserved 1103872K
  class space    used 7977K, capacity 8170K, committed 8320K, reserved 1048576K
}
Event: 9496.055 GC heap before
{Heap before GC invocations=48 (full 0):
 garbage-first heap   total 58368K, used 29265K [0x00000000c0c00000, 0x0000000100000000)
  region size 1024K, 2 young (2048K), 1 survivors (1024K)
 Metaspace       used 61754K, capacity 62326K, committed 62768K, reserved 1103872K
  class space    used 7977K, capacity 8170K, committed 8320K, reserved 1048576K
}
Event: 9496.160 GC heap after
{Heap after GC invocations=49 (full 0):
 garbage-first heap   total 58368K, used 27409K [0x00000000c0c00000, 0x0000000100000000)
  region size 1024K, 1 young (1024K), 1 survivors (1024K)
 Metaspace       used 61754K, capacity 62326K, committed 62768K, reserved 1103872K
  class space    used 7977K, capacity 8170K, committed 8320K, reserved 1048576K
}
Event: 9619.748 GC heap before
{Heap before GC invocations=49 (full 0):
 garbage-first heap   total 58368K, used 28433K [0x00000000c0c00000, 0x0000000100000000)
  region size 1024K, 2 young (2048K), 1 survivors (1024K)
 Metaspace       used 61792K, capacity 62391K, committed 62768K, reserved 1103872K
  class space    used 7977K, capacity 8170K, committed 8320K, reserved 1048576K
}
Event: 9619.757 GC heap after
{Heap after GC invocations=50 (full 0):
 garbage-first heap   total 58368K, used 27372K [0x00000000c0c00000, 0x0000000100000000)
  region size 1024K, 1 young (1024K), 1 survivors (1024K)
 Metaspace       used 61792K, capacity 62391K, committed 62768K, reserved 1103872K
  class space    used 7977K, capacity 8170K, committed 8320K, reserved 1048576K
}
Event: 10708.154 GC heap before
{Heap before GC invocations=51 (full 0):
 garbage-first heap   total 58368K, used 28396K [0x00000000c0c00000, 0x0000000100000000)
  region size 1024K, 2 young (2048K), 1 survivors (1024K)
 Metaspace       used 61794K, capacity 62391K, committed 62768K, reserved 1103872K
  class space    used 7977K, capacity 8170K, committed 8320K, reserved 1048576K
}
Event: 10708.156 GC heap after
{Heap after GC invocations=52 (full 0):
 garbage-first heap   total 58368K, used 27459K [0x00000000c0c00000, 0x0000000100000000)
  region size 1024K, 1 young (1024K), 1 survivors (1024K)
 Metaspace       used 61794K, capacity 62391K, committed 62768K, reserved 1103872K
  class space    used 7977K, capacity 8170K, committed 8320K, reserved 1048576K
}
Event: 10719.473 GC heap before
{Heap before GC invocations=52 (full 0):
 garbage-first heap   total 58368K, used 28483K [0x00000000c0c00000, 0x0000000100000000)
  region size 1024K, 2 young (2048K), 1 survivors (1024K)
 Metaspace       used 61843K, capacity 62412K, committed 62768K, reserved 1103872K
  class space    used 7979K, capacity 8174K, committed 8320K, reserved 1048576K
}
Event: 10719.587 GC heap after
{Heap after GC invocations=53 (full 0):
 garbage-first heap   total 58368K, used 27599K [0x00000000c0c00000, 0x0000000100000000)
  region size 1024K, 1 young (1024K), 1 survivors (1024K)
 Metaspace       used 61843K, capacity 62412K, committed 62768K, reserved 1103872K
  class space    used 7979K, capacity 8174K, committed 8320K, reserved 1048576K
}
Event: 10720.148 GC heap before
{Heap before GC invocations=54 (full 0):
 garbage-first heap   total 58368K, used 28623K [0x00000000c0c00000, 0x0000000100000000)
  region size 1024K, 2 young (2048K), 1 survivors (1024K)
 Metaspace       used 61883K, capacity 62445K, committed 62768K, reserved 1103872K
  class space    used 7983K, capacity 8181K, committed 8320K, reserved 1048576K
}
Event: 10720.159 GC heap after
{Heap after GC invocations=55 (full 0):
 garbage-first heap   total 58368K, used 27674K [0x00000000c0c00000, 0x0000000100000000)
  region size 1024K, 1 young (1024K), 1 survivors (1024K)
 Metaspace       used 61883K, capacity 62445K, committed 62768K, reserved 1103872K
  class space    used 7983K, capacity 8181K, committed 8320K, reserved 1048576K
}
Event: 13497.617 GC heap before
{Heap before GC invocations=55 (full 0):
 garbage-first heap   total 58368K, used 30746K [0x00000000c0c00000, 0x0000000100000000)
  region size 1024K, 5 young (5120K), 1 survivors (1024K)
 Metaspace       used 61904K, capacity 62445K, committed 62768K, reserved 1103872K
  class space    used 7983K, capacity 8181K, committed 8320K, reserved 1048576K
}
Event: 13497.753 GC heap after
{Heap after GC invocations=56 (full 0):
 garbage-first heap   total 58368K, used 28106K [0x00000000c0c00000, 0x0000000100000000)
  region size 1024K, 1 young (1024K), 1 survivors (1024K)
 Metaspace       used 61904K, capacity 62445K, committed 62768K, reserved 1103872K
  class space    used 7983K, capacity 8181K, committed 8320K, reserved 1048576K
}

